[Tue Mar 16 15:11:57.345784 2021] [ssl:warn] [pid 11148:tid 504] AH01909: ukrart.ua:443:0 server certificate does NOT include an ID which matches the server name
[Tue Mar 16 15:11:57.349787 2021] [ssl:warn] [pid 11148:tid 504] AH01909: test.ua:443:0 server certificate does NOT include an ID which matches the server name
[Tue Mar 16 15:11:57.350787 2021] [ssl:warn] [pid 11148:tid 504] AH01909: moviclean.ua:443:0 server certificate does NOT include an ID which matches the server name
[Tue Mar 16 15:11:57.353290 2021] [ssl:warn] [pid 11148:tid 504] AH01909: game.ua:443:0 server certificate does NOT include an ID which matches the server name
[Tue Mar 16 15:11:57.354791 2021] [ssl:warn] [pid 11148:tid 504] AH01909: default:443:0 server certificate does NOT include an ID which matches the server name
[Tue Mar 16 15:11:58.069570 2021] [ssl:warn] [pid 11148:tid 504] AH01909: ukrart.ua:443:0 server certificate does NOT include an ID which matches the server name
[Tue Mar 16 15:11:58.071072 2021] [ssl:warn] [pid 11148:tid 504] AH01909: test.ua:443:0 server certificate does NOT include an ID which matches the server name
[Tue Mar 16 15:11:58.072572 2021] [ssl:warn] [pid 11148:tid 504] AH01909: moviclean.ua:443:0 server certificate does NOT include an ID which matches the server name
[Tue Mar 16 15:11:58.075073 2021] [ssl:warn] [pid 11148:tid 504] AH01909: game.ua:443:0 server certificate does NOT include an ID which matches the server name
[Tue Mar 16 15:11:58.076074 2021] [ssl:warn] [pid 11148:tid 504] AH01909: default:443:0 server certificate does NOT include an ID which matches the server name
[Tue Mar 16 15:11:58.205666 2021] [mpm_winnt:notice] [pid 11148:tid 504] AH00455: Apache/2.4.41 (Win64) OpenSSL/1.0.2s configured -- resuming normal operations
[Tue Mar 16 15:11:58.205666 2021] [mpm_winnt:notice] [pid 11148:tid 504] AH00456: Apache Lounge VC14 Server built: Aug 12 2019 10:48:01
[Tue Mar 16 15:11:58.205666 2021] [core:notice] [pid 11148:tid 504] AH00094: Command line: 'D:\\openserverone\\modules\\http\\Apache_2.4-PHP_7.0-7.1\\bin\\httpd.exe -d D:/OpenServerOne/modules/http/Apache_2.4-PHP_7.0-7.1 -f d:\\openserverone\\modules\\http\\Apache_2.4-PHP_7.0-7.1\\conf\\httpd.conf'
[Tue Mar 16 15:11:58.214673 2021] [mpm_winnt:notice] [pid 11148:tid 504] AH00418: Parent: Created child process 2824
[Tue Mar 16 15:12:00.813131 2021] [ssl:warn] [pid 2824:tid 576] AH01909: ukrart.ua:443:0 server certificate does NOT include an ID which matches the server name
[Tue Mar 16 15:12:00.816633 2021] [ssl:warn] [pid 2824:tid 576] AH01909: test.ua:443:0 server certificate does NOT include an ID which matches the server name
[Tue Mar 16 15:12:00.818135 2021] [ssl:warn] [pid 2824:tid 576] AH01909: moviclean.ua:443:0 server certificate does NOT include an ID which matches the server name
[Tue Mar 16 15:12:00.820135 2021] [ssl:warn] [pid 2824:tid 576] AH01909: game.ua:443:0 server certificate does NOT include an ID which matches the server name
[Tue Mar 16 15:12:00.821636 2021] [ssl:warn] [pid 2824:tid 576] AH01909: default:443:0 server certificate does NOT include an ID which matches the server name
[Tue Mar 16 15:12:01.460622 2021] [ssl:warn] [pid 2824:tid 576] AH01909: ukrart.ua:443:0 server certificate does NOT include an ID which matches the server name
[Tue Mar 16 15:12:01.462124 2021] [ssl:warn] [pid 2824:tid 576] AH01909: test.ua:443:0 server certificate does NOT include an ID which matches the server name
[Tue Mar 16 15:12:01.463626 2021] [ssl:warn] [pid 2824:tid 576] AH01909: moviclean.ua:443:0 server certificate does NOT include an ID which matches the server name
[Tue Mar 16 15:12:01.466126 2021] [ssl:warn] [pid 2824:tid 576] AH01909: game.ua:443:0 server certificate does NOT include an ID which matches the server name
[Tue Mar 16 15:12:01.467128 2021] [ssl:warn] [pid 2824:tid 576] AH01909: default:443:0 server certificate does NOT include an ID which matches the server name
[Tue Mar 16 15:12:01.627751 2021] [mpm_winnt:notice] [pid 2824:tid 576] AH00354: Child: Starting 150 worker threads.
